<?xml version="1.0" encoding="UTF-8"?>
<!-- Generated by org.testng.reporters.JUnitXMLReporter -->
<testsuite ignored="1" hostname="Shumson" failures="0" tests="4" name="Default test" time="3.378" errors="0" timestamp="2022-11-04T18:03:13 EDT">
  <testcase classname="testng_code_2022.Test_Excution5" name="testcase1" time="0.468"/>
  <testcase classname="testng_code_2022.Test_Excution5" name="testcase3" time="0.074"/>
  <testcase classname="testng_code_2022.Test_Excution5" name="testcase4" time="0.174"/>
  <testcase classname="testng_code_2022.Test_Excution5" name="testcase5" time="0.021"/>
  <testcase classname="testng_code_2022.Test_Excution5" name="testcase2" time="0.0">
    <ignored/>
  </testcase> <!-- testcase2 -->
</testsuite> <!-- Default test -->
