<?xml version="1.0" encoding="UTF-8"?>
<testng-results ignored="0" total="1" passed="1" failed="0" skipped="0">
  <reporter-output>
  </reporter-output>
  <suite started-at="2022-11-12T14:49:20 EST" name="Default suite" finished-at="2022-11-12T14:49:37 EST" duration-ms="16706">
    <groups>
    </groups>
    <test started-at="2022-11-12T14:49:20 EST" name="Default test" finished-at="2022-11-12T14:49:37 EST" duration-ms="16706">
      <class name="automation6.Patameter4">
        <test-method is-config="true" signature="openUrl()[pri:0, instance:automation6.Patameter4@13fd2ccd]" started-at="2022-11-12T14:49:20 EST" name="openUrl" finished-at="2022-11-12T14:49:32 EST" duration-ms="12068" status="PASS">
          <reporter-output>
          </reporter-output>
        </test-method> <!-- openUrl -->
        <test-method signature="logintest()[pri:0, instance:automation6.Patameter4@13fd2ccd]" started-at="2022-11-12T14:49:33 EST" name="logintest" finished-at="2022-11-12T14:49:37 EST" duration-ms="4529" status="PASS">
          <reporter-output>
          </reporter-output>
        </test-method> <!-- logintest -->
        <test-method is-config="true" signature="tearDown()[pri:0, instance:automation6.Patameter4@13fd2ccd]" started-at="2022-11-12T14:49:37 EST" name="tearDown" finished-at="2022-11-12T14:49:37 EST" duration-ms="1" status="PASS">
          <reporter-output>
          </reporter-output>
        </test-method> <!-- tearDown -->
      </class> <!-- automation6.Patameter4 -->
    </test> <!-- Default test -->
  </suite> <!-- Default suite -->
</testng-results>
